<?xml version="1.0" encoding="UTF-8"?>
<testng-results ignored="0" total="2" passed="2" failed="0" skipped="0">
  <reporter-output>
  </reporter-output>
  <suite started-at="2020-10-08T08:12:04Z" name="Default suite" finished-at="2020-10-08T08:12:04Z" duration-ms="21">
    <groups>
    </groups>
    <test started-at="2020-10-08T08:12:04Z" name="Default test" finished-at="2020-10-08T08:12:04Z" duration-ms="21">
      <class name="com.exmple.NewTest">
        <test-method is-config="true" signature="beforeSuite()[pri:0, instance:com.exmple.NewTest@61001b64]" started-at="2020-10-08T13:42:04Z" name="beforeSuite" finished-at="2020-10-08T13:42:04Z" duration-ms="6" status="PASS">
          <reporter-output>
          </reporter-output>
        </test-method> <!-- beforeSuite -->
        <test-method is-config="true" signature="beforeTest()[pri:0, instance:com.exmple.NewTest@61001b64]" started-at="2020-10-08T13:42:04Z" name="beforeTest" finished-at="2020-10-08T13:42:04Z" duration-ms="0" status="PASS">
          <reporter-output>
          </reporter-output>
        </test-method> <!-- beforeTest -->
        <test-method is-config="true" signature="beforeClass()[pri:0, instance:com.exmple.NewTest@61001b64]" started-at="2020-10-08T13:42:04Z" name="beforeClass" finished-at="2020-10-08T13:42:04Z" duration-ms="0" status="PASS">
          <reporter-output>
          </reporter-output>
        </test-method> <!-- beforeClass -->
        <test-method signature="f(java.util.Map)[pri:0, instance:com.exmple.NewTest@61001b64]" started-at="2020-10-08T13:42:04Z" name="f" data-provider="dp" finished-at="2020-10-08T13:42:04Z" duration-ms="5" status="PASS">
          <params>
            <param index="0">
              <value>
                <![CDATA[{1=one, 2=two}]]>
              </value>
            </param>
          </params>
          <reporter-output>
          </reporter-output>
        </test-method> <!-- f -->
        <test-method is-config="true" signature="beforeMethod()[pri:0, instance:com.exmple.NewTest@61001b64]" started-at="2020-10-08T13:42:04Z" name="beforeMethod" finished-at="2020-10-08T13:42:04Z" duration-ms="0" status="PASS">
          <reporter-output>
          </reporter-output>
        </test-method> <!-- beforeMethod -->
        <test-method signature="f(java.util.Map)[pri:0, instance:com.exmple.NewTest@61001b64]" started-at="2020-10-08T13:42:04Z" name="f" data-provider="dp" finished-at="2020-10-08T13:42:04Z" duration-ms="1" status="PASS">
          <params>
            <param index="0">
              <value>
                <![CDATA[{4=four, 3=three}]]>
              </value>
            </param>
          </params>
          <reporter-output>
          </reporter-output>
        </test-method> <!-- f -->
        <test-method is-config="true" signature="beforeMethod()[pri:0, instance:com.exmple.NewTest@61001b64]" started-at="2020-10-08T13:42:04Z" name="beforeMethod" finished-at="2020-10-08T13:42:04Z" duration-ms="0" status="PASS">
          <reporter-output>
          </reporter-output>
        </test-method> <!-- beforeMethod -->
        <test-method is-config="true" signature="afterMethod()[pri:0, instance:com.exmple.NewTest@61001b64]" started-at="2020-10-08T13:42:04Z" name="afterMethod" finished-at="2020-10-08T13:42:04Z" duration-ms="0" status="PASS">
          <reporter-output>
          </reporter-output>
        </test-method> <!-- afterMethod -->
        <test-method is-config="true" signature="afterClass()[pri:0, instance:com.exmple.NewTest@61001b64]" started-at="2020-10-08T13:42:04Z" name="afterClass" finished-at="2020-10-08T13:42:04Z" duration-ms="0" status="PASS">
          <reporter-output>
          </reporter-output>
        </test-method> <!-- afterClass -->
        <test-method is-config="true" signature="afterMethod()[pri:0, instance:com.exmple.NewTest@61001b64]" started-at="2020-10-08T13:42:04Z" name="afterMethod" finished-at="2020-10-08T13:42:04Z" duration-ms="0" status="PASS">
          <reporter-output>
          </reporter-output>
        </test-method> <!-- afterMethod -->
        <test-method is-config="true" signature="afterTest()[pri:0, instance:com.exmple.NewTest@61001b64]" started-at="2020-10-08T13:42:04Z" name="afterTest" finished-at="2020-10-08T13:42:04Z" duration-ms="0" status="PASS">
          <reporter-output>
          </reporter-output>
        </test-method> <!-- afterTest -->
        <test-method is-config="true" signature="afterSuite()[pri:0, instance:com.exmple.NewTest@61001b64]" started-at="2020-10-08T13:42:04Z" name="afterSuite" finished-at="2020-10-08T13:42:04Z" duration-ms="0" status="PASS">
          <reporter-output>
          </reporter-output>
        </test-method> <!-- afterSuite -->
      </class> <!-- com.exmple.NewTest -->
    </test> <!-- Default test -->
  </suite> <!-- Default suite -->
</testng-results>
